<?xml version="1.0" encoding="UTF-8"?><testrun name="DespegarHome" project="Despegar" tests="5" started="2" failures="0" errors="1" ignored="0">
  <testsuite name="com.sophossolutions.runner.DespegarHome" incomplete="true">
    <testsuite name="Buscar vuelo en despegar" incomplete="true">
      <testcase name="Buscar vuelo en despegar" classname="Buscar vuelo en despegar" time="71.239"/>
      <testcase name="Buscar vuelo en despegar" classname="Buscar vuelo en despegar" time="72.065">
        <error>org.openqa.selenium.WebDriverException: chrome not reachable
  (Session info: chrome=91.0.4472.114)
Build info: version: '3.141.59', revision: 'e82be7d358', time: '2018-11-14T08:17:03'
System info: host: 'SSBOG5CG0343DG3', ip: '192.168.10.23', os.name: 'Windows 10', os.arch: 'amd64', os.version: '10.0', java.version: '15.0.2'
Driver info: org.openqa.selenium.chrome.ChromeDriver
Capabilities {acceptInsecureCerts: false, browserName: chrome, browserVersion: 91.0.4472.114, chrome: {chromedriverVersion: 91.0.4472.101 (af52a90bf870..., userDataDir: C:\Users\JONATH~1.CAS\AppDa...}, goog:chromeOptions: {debuggerAddress: localhost:58140}, javascriptEnabled: true, networkConnectionEnabled: false, pageLoadStrategy: normal, platform: WINDOWS, platformName: WINDOWS, proxy: Proxy(), setWindowRect: true, strictFileInteractability: false, timeouts: {implicit: 0, pageLoad: 300000, script: 30000}, unhandledPromptBehavior: dismiss and notify, webauthn:extension:largeBlob: true, webauthn:virtualAuthenticators: true}
Session ID: c183c3c2618e67fc39ce1c1966eff5fe
*** Element info: {Using=xpath, value=//div[@class='sbox5-segment--2_IQ3' and .//span[text()='Tramo 1']]//input[contains(@placeholder, 'desde')]}&#13;
	at java.base/jdk.internal.reflect.NativeConstructorAccessorImpl.newInstance0(Native Method)&#13;
	at java.base/jdk.internal.reflect.NativeConstructorAccessorImpl.newInstance(NativeConstructorAccessorImpl.java:64)&#13;
	at java.base/jdk.internal.reflect.DelegatingConstructorAccessorImpl.newInstance(DelegatingConstructorAccessorImpl.java:45)&#13;
	at java.base/java.lang.reflect.Constructor.newInstanceWithCaller(Constructor.java:500)&#13;
	at java.base/java.lang.reflect.Constructor.newInstance(Constructor.java:481)&#13;
	at org.openqa.selenium.remote.http.W3CHttpResponseCodec.createException(W3CHttpResponseCodec.java:187)&#13;
	at org.openqa.selenium.remote.http.W3CHttpResponseCodec.decode(W3CHttpResponseCodec.java:122)&#13;
	at org.openqa.selenium.remote.http.W3CHttpResponseCodec.decode(W3CHttpResponseCodec.java:49)&#13;
	at org.openqa.selenium.remote.HttpCommandExecutor.execute(HttpCommandExecutor.java:158)&#13;
	at org.openqa.selenium.remote.service.DriverCommandExecutor.execute(DriverCommandExecutor.java:83)&#13;
	at org.openqa.selenium.remote.RemoteWebDriver.execute(RemoteWebDriver.java:552)&#13;
	at org.openqa.selenium.remote.RemoteWebDriver.findElement(RemoteWebDriver.java:323)&#13;
	at org.openqa.selenium.remote.RemoteWebDriver.findElementByXPath(RemoteWebDriver.java:428)&#13;
	at org.openqa.selenium.By$ByXPath.findElement(By.java:353)&#13;
	at org.openqa.selenium.remote.RemoteWebDriver.findElement(RemoteWebDriver.java:315)&#13;
	at net.thucydides.core.webdriver.WebDriverFacade.findElement(WebDriverFacade.java:222)&#13;
	at com.sophossolutions.actions.Action.agregarLugares(Action.java:20)&#13;
	at com.sophossolutions.pages.DespegarHome.agregarLugares(DespegarHome.java:45)&#13;
	at com.sophossolutions.stepdefinitions.DespegarHomeStepDefinitions.buscoUnVueloDeAConFechaDeIdaYFechaDeRegresoConUnNiñoDeEnClase(DespegarHomeStepDefinitions.java:21)&#13;
	at ✽.busco un vuelo de "Bucaramanga, Santander, Colombia" a "Santa Marta, Magdalena, Colombia" con fecha de ida "2021-06-27" y fecha de regreso "2021-07-08" con un niño de 5  en clase "Premium economy"(file:///C:/Users/jonathan.castro/OneDrive%20-%20SOPHOS%20SOLUTIONS%20SAS/SEMILLERO%20DE%20AUTOMATIZACIÓN/7.POM/ProyectoDespegar/Semillero/Despegar/src/test/resources/com/sophossolutions/features/DespegarHome.feature:7)&#13;
&#13;
</error>
      </testcase>
      <testcase name="Buscar vuelo en despegar" classname="Buscar vuelo en despegar" incomplete="true"/>
      <testcase name="Buscar vuelo en despegar" classname="Buscar vuelo en despegar" incomplete="true"/>
      <testcase name="Buscar vuelo en despegar" classname="Buscar vuelo en despegar" incomplete="true"/>
    </testsuite>
  </testsuite>
</testrun>
