<?xml version="1.0" encoding="UTF-8"?><testrun name="LinioHome" project="Linio" tests="2" started="2" failures="0" errors="2" ignored="0">
  <testsuite name="com.sophossolutions.runner.LinioHome" time="47.781">
    <testsuite name="Agregar productos carrito de compras linio" time="47.781">
      <testcase name="Title of your scenario outline" classname="Agregar productos carrito de compras linio" time="24.648">
        <error>org.openqa.selenium.TimeoutException: Expected condition failed: waiting for visibility of element located by By.xpath: //ul[contains(@class,'select-dropdown-list')] (tried for 10 second(s) with 500 milliseconds interval)
Build info: version: '3.141.59', revision: 'e82be7d358', time: '2018-11-14T08:17:03'
System info: host: 'SSBOG5CG0343DG3', ip: '192.168.10.23', os.name: 'Windows 10', os.arch: 'amd64', os.version: '10.0', java.version: '15.0.2'
Driver info: net.thucydides.core.webdriver.WebDriverFacade&#13;
	at org.openqa.selenium.support.ui.WebDriverWait.timeoutException(WebDriverWait.java:95)&#13;
	at org.openqa.selenium.support.ui.FluentWait.until(FluentWait.java:272)&#13;
	at com.sophossolutions.actions.Action.esperarElemento(Action.java:69)&#13;
	at com.sophossolutions.actions.Action.agregarProducto(Action.java:53)&#13;
	at com.sophossolutions.pages.LinioHome.agregarProducto(LinioHome.java:37)&#13;
	at com.sophossolutions.stepdefinitions.LinioHomeStepDefinitions.agregoAlCarritoElConMásReseñas(LinioHomeStepDefinitions.java:27)&#13;
	at ✽.Agrego al carrito el "sillas de oficina-3" con más reseñas(file:///C:/Users/jonathan.castro/OneDrive%20-%20SOPHOS%20SOLUTIONS%20SAS/SEMILLERO%20DE%20AUTOMATIZACIÓN/7.POM/ProyectoLinio/Linio/src/test/resources/com/sophossolutions/features/LinioHome.feature:8)&#13;
&#13;
</error>
      </testcase>
      <testcase name="Title of your scenario outline" classname="Agregar productos carrito de compras linio" time="21.649">
        <error>org.openqa.selenium.TimeoutException: Expected condition failed: waiting for visibility of element located by By.xpath: //ul[contains(@class,'select-dropdown-list')] (tried for 10 second(s) with 500 milliseconds interval)
Build info: version: '3.141.59', revision: 'e82be7d358', time: '2018-11-14T08:17:03'
System info: host: 'SSBOG5CG0343DG3', ip: '192.168.10.23', os.name: 'Windows 10', os.arch: 'amd64', os.version: '10.0', java.version: '15.0.2'
Driver info: net.thucydides.core.webdriver.WebDriverFacade&#13;
	at org.openqa.selenium.support.ui.WebDriverWait.timeoutException(WebDriverWait.java:95)&#13;
	at org.openqa.selenium.support.ui.FluentWait.until(FluentWait.java:272)&#13;
	at com.sophossolutions.actions.Action.esperarElemento(Action.java:69)&#13;
	at com.sophossolutions.actions.Action.agregarProducto(Action.java:53)&#13;
	at com.sophossolutions.pages.LinioHome.agregarProducto(LinioHome.java:37)&#13;
	at com.sophossolutions.stepdefinitions.LinioHomeStepDefinitions.agregoAlCarritoElConMásReseñas(LinioHomeStepDefinitions.java:27)&#13;
	at ✽.Agrego al carrito el "Televisores-2" con más reseñas(file:///C:/Users/jonathan.castro/OneDrive%20-%20SOPHOS%20SOLUTIONS%20SAS/SEMILLERO%20DE%20AUTOMATIZACIÓN/7.POM/ProyectoLinio/Linio/src/test/resources/com/sophossolutions/features/LinioHome.feature:8)&#13;
&#13;
</error>
      </testcase>
    </testsuite>
  </testsuite>
</testrun>
